app/build/intermediates/manifest_merge_blame_file/release/processReleaseMainManifest/manifest-merger-blame-release-report.txt
1<?xml version="1.0" encoding="utf-8"?>
2<!--
3    Copyright 2019 Google Inc. All Rights Reserved.
4
5     Licensed under the Apache License, Version 2.0 (the "License");
6     you may not use this file except in compliance with the License.
7     You may obtain a copy of the License at
8
9         http://www.apache.org/licenses/LICENSE-2.0
10
11     Unless required by applicable law or agreed to in writing, software
12     distributed under the License is distributed on an "AS IS" BASIS,
13     WITHOUT WARRANTIES OR CONDITIONS OF ANY KIND, either express or implied.
14     See the License for the specific language governing permissions and
15     limitations under the License.
16-->
17<!--
18 The "package" attribute is rewritten by the Gradle build with the value of applicationId.
19     It is still required here, as it is used to derive paths, for instance when referring
20     to an Activity by ".MyActivity" instead of the full name. If more Activities are added to the
21     application, the package attribute will need to reflect the correct path in order to use
22     the abbreviated format.
23-->
24<manifest xmlns:android="http://schemas.android.com/apk/res/android"
25    package="io.github.palo007.twa"
26    android:versionCode="2"
27    android:versionName="2" >
28
29    <uses-sdk
30        android:minSdkVersion="21"
31        android:targetSdkVersion="36" />
32
33    <uses-permission android:name="android.permission.POST_NOTIFICATIONS" />
33-->src\main\AndroidManifest.xml:26:9-80
33-->src\main\AndroidManifest.xml:26:26-78
34
35    <!--
36         Android 11+ (API 30+) package visibility: without this query the app
37         cannot see any browser's CustomTabsService, so TwaProviderPicker finds
38         no TWA-capable provider and silently falls back to Custom Tab mode
39         (the address-bar / share / three-dots toolbar).
40    -->
41    <queries>
41-->src\main\AndroidManifest.xml:39:5-43:15
42        <intent>
42-->src\main\AndroidManifest.xml:40:9-42:18
43            <action android:name="android.support.customtabs.action.CustomTabsService" />
43-->src\main\AndroidManifest.xml:41:13-90
43-->src\main\AndroidManifest.xml:41:21-87
44        </intent>
45        <intent>
45-->[com.google.androidbrowserhelper:androidbrowserhelper:2.6.2] AndroidManifest.xml:23:9-29:18
46            <action android:name="android.intent.action.VIEW" />
46-->src\main\AndroidManifest.xml:158:17-68
46-->src\main\AndroidManifest.xml:158:25-66
47
48            <category android:name="android.intent.category.BROWSABLE" />
48-->src\main\AndroidManifest.xml:160:17-77
48-->src\main\AndroidManifest.xml:160:27-75
49
50            <data android:scheme="https" />
50-->src\main\AndroidManifest.xml:161:17-163:19
50-->src\main\AndroidManifest.xml:161:23-45
51        </intent>
52    </queries>
53
54    <permission
54-->[androidx.core:core:1.13.0] AndroidManifest.xml:22:5-24:47
55        android:name="io.github.palo007.twa.DYNAMIC_RECEIVER_NOT_EXPORTED_PERMISSION"
55-->[androidx.core:core:1.13.0] AndroidManifest.xml:23:9-81
56        android:protectionLevel="signature" />
56-->[androidx.core:core:1.13.0] AndroidManifest.xml:24:9-44
57
58    <uses-permission android:name="io.github.palo007.twa.DYNAMIC_RECEIVER_NOT_EXPORTED_PERMISSION" />
58-->[androidx.core:core:1.13.0] AndroidManifest.xml:26:5-97
58-->[androidx.core:core:1.13.0] AndroidManifest.xml:26:22-94
59
60    <application
60-->src\main\AndroidManifest.xml:45:5-208:19
61        android:name="io.github.palo007.twa.Application"
61-->src\main\AndroidManifest.xml:46:9-35
62        android:allowBackup="true"
62-->src\main\AndroidManifest.xml:47:9-35
63        android:appComponentFactory="androidx.core.app.CoreComponentFactory"
63-->[androidx.core:core:1.13.0] AndroidManifest.xml:28:18-86
64        android:extractNativeLibs="true"
65        android:icon="@mipmap/ic_launcher"
65-->src\main\AndroidManifest.xml:48:9-43
66        android:label="@string/appName"
66-->src\main\AndroidManifest.xml:49:9-40
67        android:manageSpaceActivity="com.google.androidbrowserhelper.trusted.ManageDataLauncherActivity"
67-->src\main\AndroidManifest.xml:51:9-105
68        android:supportsRtl="true"
68-->src\main\AndroidManifest.xml:53:9-35
69        android:theme="@android:style/Theme.Translucent.NoTitleBar" >
69-->src\main\AndroidManifest.xml:54:9-68
70        <meta-data
70-->src\main\AndroidManifest.xml:56:9-58:58
71            android:name="asset_statements"
71-->src\main\AndroidManifest.xml:57:13-44
72            android:resource="@string/assetStatements" />
72-->src\main\AndroidManifest.xml:58:13-55
73        <meta-data
73-->src\main\AndroidManifest.xml:61:13-63:58
74            android:name="web_manifest_url"
74-->src\main\AndroidManifest.xml:62:17-48
75            android:value="@string/webManifestUrl" />
75-->src\main\AndroidManifest.xml:63:17-55
76        <meta-data
76-->src\main\AndroidManifest.xml:66:9-68:52
77            android:name="twa_generator"
77-->src\main\AndroidManifest.xml:67:13-41
78            android:value="@string/generatorApp" />
78-->src\main\AndroidManifest.xml:68:13-49
79
80        <activity
80-->src\main\AndroidManifest.xml:75:13-86:24
81            android:name="com.google.androidbrowserhelper.trusted.ManageDataLauncherActivity"
81-->src\main\AndroidManifest.xml:75:23-104
82            android:enabled="true"
82-->src\main\AndroidManifest.xml:77:17-39
83            android:excludeFromRecents="true"
83-->src\main\AndroidManifest.xml:78:17-50
84            android:exported="false" >
84-->src\main\AndroidManifest.xml:76:17-41
85            <meta-data
85-->src\main\AndroidManifest.xml:79:17-81:57
86                android:name="android.support.customtabs.trusted.MANAGE_SPACE_URL"
86-->src\main\AndroidManifest.xml:80:21-87
87                android:value="@string/launchUrl" />
87-->src\main\AndroidManifest.xml:81:21-54
88
89            <intent-filter>
89-->src\main\AndroidManifest.xml:82:17-85:33
90                <action android:name="android.intent.action.APPLICATION_PREFERENCES" />
90-->src\main\AndroidManifest.xml:83:21-92
90-->src\main\AndroidManifest.xml:83:29-89
91
92                <category android:name="android.intent.category.DEFAULT" />
92-->src\main\AndroidManifest.xml:84:21-80
92-->src\main\AndroidManifest.xml:84:31-77
93            </intent-filter>
94        </activity>
95        <activity
95-->src\main\AndroidManifest.xml:89:9-169:20
96            android:name="io.github.palo007.twa.LauncherActivity"
96-->src\main\AndroidManifest.xml:89:19-50
97            android:alwaysRetainTaskState="true"
97-->src\main\AndroidManifest.xml:90:13-49
98            android:exported="true"
98-->src\main\AndroidManifest.xml:92:13-36
99            android:label="@string/launcherName" >
99-->src\main\AndroidManifest.xml:91:13-49
100            <meta-data
100-->src\main\AndroidManifest.xml:93:13-94:53
101                android:name="android.support.customtabs.trusted.DEFAULT_URL"
101-->src\main\AndroidManifest.xml:93:24-85
102                android:value="@string/launchUrl" />
102-->src\main\AndroidManifest.xml:94:17-50
103            <meta-data
103-->src\main\AndroidManifest.xml:96:13-98:58
104                android:name="android.support.customtabs.trusted.STATUS_BAR_COLOR"
104-->src\main\AndroidManifest.xml:97:17-83
105                android:resource="@color/colorPrimary" />
105-->src\main\AndroidManifest.xml:98:17-55
106            <meta-data
106-->src\main\AndroidManifest.xml:102:13-104:62
107                android:name="android.support.customtabs.trusted.STATUS_BAR_COLOR_DARK"
107-->src\main\AndroidManifest.xml:103:17-88
108                android:resource="@color/colorPrimaryDark" />
108-->src\main\AndroidManifest.xml:104:17-59
109            <meta-data
109-->src\main\AndroidManifest.xml:106:13-108:61
110                android:name="android.support.customtabs.trusted.NAVIGATION_BAR_COLOR"
110-->src\main\AndroidManifest.xml:107:17-87
111                android:resource="@color/navigationColor" />
111-->src\main\AndroidManifest.xml:108:17-58
112            <meta-data
112-->src\main\AndroidManifest.xml:110:13-112:65
113                android:name="android.support.customtabs.trusted.NAVIGATION_BAR_COLOR_DARK"
113-->src\main\AndroidManifest.xml:111:17-92
114                android:resource="@color/navigationColorDark" />
114-->src\main\AndroidManifest.xml:112:17-62
115            <meta-data
115-->src\main\AndroidManifest.xml:114:13-116:68
116                android:name="androix.browser.trusted.NAVIGATION_BAR_DIVIDER_COLOR"
116-->src\main\AndroidManifest.xml:115:17-84
117                android:resource="@color/navigationDividerColor" />
117-->src\main\AndroidManifest.xml:116:17-65
118            <meta-data
118-->src\main\AndroidManifest.xml:118:13-120:72
119                android:name="androix.browser.trusted.NAVIGATION_BAR_DIVIDER_COLOR_DARK"
119-->src\main\AndroidManifest.xml:119:17-89
120                android:resource="@color/navigationDividerColorDark" />
120-->src\main\AndroidManifest.xml:120:17-69
121            <meta-data
121-->src\main\AndroidManifest.xml:122:13-123:54
122                android:name="android.support.customtabs.trusted.SPLASH_IMAGE_DRAWABLE"
122-->src\main\AndroidManifest.xml:122:24-95
123                android:resource="@drawable/splash" />
123-->src\main\AndroidManifest.xml:123:17-52
124            <meta-data
124-->src\main\AndroidManifest.xml:125:13-126:60
125                android:name="android.support.customtabs.trusted.SPLASH_SCREEN_BACKGROUND_COLOR"
125-->src\main\AndroidManifest.xml:125:24-104
126                android:resource="@color/backgroundColor" />
126-->src\main\AndroidManifest.xml:126:17-58
127            <meta-data
127-->src\main\AndroidManifest.xml:128:13-129:71
128                android:name="android.support.customtabs.trusted.SPLASH_SCREEN_FADE_OUT_DURATION"
128-->src\main\AndroidManifest.xml:128:24-105
129                android:value="@integer/splashScreenFadeOutDuration" />
129-->src\main\AndroidManifest.xml:129:17-69
130            <meta-data
130-->src\main\AndroidManifest.xml:131:13-132:60
131                android:name="android.support.customtabs.trusted.FILE_PROVIDER_AUTHORITY"
131-->src\main\AndroidManifest.xml:131:24-97
132                android:value="@string/providerAuthority" />
132-->src\main\AndroidManifest.xml:132:17-58
133            <meta-data
133-->src\main\AndroidManifest.xml:134:13-97
134                android:name="android.app.shortcuts"
134-->src\main\AndroidManifest.xml:134:24-60
135                android:resource="@xml/shortcuts" />
135-->src\main\AndroidManifest.xml:134:61-94
136            <meta-data
136-->src\main\AndroidManifest.xml:136:13-137:56
137                android:name="android.support.customtabs.trusted.FALLBACK_STRATEGY"
137-->src\main\AndroidManifest.xml:136:24-91
138                android:value="@string/fallbackType" />
138-->src\main\AndroidManifest.xml:137:17-53
139            <meta-data
139-->src\main\AndroidManifest.xml:143:13-144:54
140                android:name="android.support.customtabs.trusted.SCREEN_ORIENTATION"
140-->src\main\AndroidManifest.xml:143:24-92
141                android:value="@string/orientation" />
141-->src\main\AndroidManifest.xml:144:17-52
142
143            <intent-filter>
143-->src\main\AndroidManifest.xml:152:13-155:29
144                <action android:name="android.intent.action.MAIN" />
144-->src\main\AndroidManifest.xml:153:17-69
144-->src\main\AndroidManifest.xml:153:25-66
145
146                <category android:name="android.intent.category.LAUNCHER" />
146-->src\main\AndroidManifest.xml:154:17-77
146-->src\main\AndroidManifest.xml:154:27-74
147            </intent-filter>
148            <intent-filter android:autoVerify="true" >
148-->src\main\AndroidManifest.xml:157:25-164:29
148-->src\main\AndroidManifest.xml:157:40-65
149                <action android:name="android.intent.action.VIEW" />
149-->src\main\AndroidManifest.xml:158:17-68
149-->src\main\AndroidManifest.xml:158:25-66
150
151                <category android:name="android.intent.category.DEFAULT" />
151-->src\main\AndroidManifest.xml:84:21-80
151-->src\main\AndroidManifest.xml:84:31-77
152                <category android:name="android.intent.category.BROWSABLE" />
152-->src\main\AndroidManifest.xml:160:17-77
152-->src\main\AndroidManifest.xml:160:27-75
153
154                <data
154-->src\main\AndroidManifest.xml:161:17-163:19
155                    android:host="@string/hostName"
155-->src\main\AndroidManifest.xml:162:21-52
156                    android:scheme="https" />
156-->src\main\AndroidManifest.xml:161:23-45
157            </intent-filter>
158        </activity>
159        <activity android:name="com.google.androidbrowserhelper.trusted.FocusActivity" />
159-->src\main\AndroidManifest.xml:171:9-90
159-->src\main\AndroidManifest.xml:171:19-87
160        <activity
160-->src\main\AndroidManifest.xml:173:9-174:62
161            android:name="com.google.androidbrowserhelper.trusted.WebViewFallbackActivity"
161-->src\main\AndroidManifest.xml:173:19-97
162            android:configChanges="orientation|screenSize" />
162-->src\main\AndroidManifest.xml:174:13-59
163
164        <provider
164-->src\main\AndroidManifest.xml:176:9-184:20
165            android:name="androidx.core.content.FileProvider"
165-->src\main\AndroidManifest.xml:177:13-62
166            android:authorities="@string/providerAuthority"
166-->src\main\AndroidManifest.xml:178:13-60
167            android:exported="false"
167-->src\main\AndroidManifest.xml:180:13-37
168            android:grantUriPermissions="true" >
168-->src\main\AndroidManifest.xml:179:13-47
169            <meta-data
169-->src\main\AndroidManifest.xml:181:13-183:53
170                android:name="android.support.FILE_PROVIDER_PATHS"
170-->src\main\AndroidManifest.xml:182:17-67
171                android:resource="@xml/filepaths" />
171-->src\main\AndroidManifest.xml:183:17-50
172        </provider>
173
174        <service
174-->src\main\AndroidManifest.xml:186:9-201:19
175            android:name="io.github.palo007.twa.DelegationService"
175-->src\main\AndroidManifest.xml:187:13-46
176            android:enabled="@bool/enableNotification"
176-->src\main\AndroidManifest.xml:188:13-55
177            android:exported="@bool/enableNotification" >
177-->src\main\AndroidManifest.xml:189:13-56
178            <meta-data
178-->src\main\AndroidManifest.xml:192:17-194:73
179                android:name="android.support.customtabs.trusted.SMALL_ICON"
179-->src\main\AndroidManifest.xml:193:21-81
180                android:resource="@drawable/ic_notification_icon" />
180-->src\main\AndroidManifest.xml:194:21-70
181
182            <intent-filter>
182-->src\main\AndroidManifest.xml:197:13-200:29
183                <action android:name="android.support.customtabs.trusted.TRUSTED_WEB_ACTIVITY_SERVICE" />
183-->src\main\AndroidManifest.xml:198:17-105
183-->src\main\AndroidManifest.xml:198:25-103
184
185                <category android:name="android.intent.category.DEFAULT" />
185-->src\main\AndroidManifest.xml:84:21-80
185-->src\main\AndroidManifest.xml:84:31-77
186            </intent-filter>
187        </service>
188
189        <activity android:name="com.google.androidbrowserhelper.trusted.NotificationPermissionRequestActivity" />
189-->src\main\AndroidManifest.xml:204:13-118
189-->src\main\AndroidManifest.xml:204:23-115
190
191        <provider
191-->[androidx.emoji2:emoji2:1.3.0] AndroidManifest.xml:24:9-32:20
192            android:name="androidx.startup.InitializationProvider"
192-->[androidx.emoji2:emoji2:1.3.0] AndroidManifest.xml:25:13-67
193            android:authorities="io.github.palo007.twa.androidx-startup"
193-->[androidx.emoji2:emoji2:1.3.0] AndroidManifest.xml:26:13-68
194            android:exported="false" >
194-->[androidx.emoji2:emoji2:1.3.0] AndroidManifest.xml:27:13-37
195            <meta-data
195-->[androidx.emoji2:emoji2:1.3.0] AndroidManifest.xml:29:13-31:52
196                android:name="androidx.emoji2.text.EmojiCompatInitializer"
196-->[androidx.emoji2:emoji2:1.3.0] AndroidManifest.xml:30:17-75
197                android:value="androidx.startup" />
197-->[androidx.emoji2:emoji2:1.3.0] AndroidManifest.xml:31:17-49
198            <meta-data
198-->[androidx.lifecycle:lifecycle-process:2.6.2] AndroidManifest.xml:29:13-31:52
199                android:name="androidx.lifecycle.ProcessLifecycleInitializer"
199-->[androidx.lifecycle:lifecycle-process:2.6.2] AndroidManifest.xml:30:17-78
200                android:value="androidx.startup" />
200-->[androidx.lifecycle:lifecycle-process:2.6.2] AndroidManifest.xml:31:17-49
201            <meta-data
201-->[androidx.profileinstaller:profileinstaller:1.3.1] AndroidManifest.xml:29:13-31:52
202                android:name="androidx.profileinstaller.ProfileInstallerInitializer"
202-->[androidx.profileinstaller:profileinstaller:1.3.1] AndroidManifest.xml:30:17-85
203                android:value="androidx.startup" />
203-->[androidx.profileinstaller:profileinstaller:1.3.1] AndroidManifest.xml:31:17-49
204        </provider>
205
206        <receiver
206-->[androidx.profileinstaller:profileinstaller:1.3.1] AndroidManifest.xml:34:9-52:20
207            android:name="androidx.profileinstaller.ProfileInstallReceiver"
207-->[androidx.profileinstaller:profileinstaller:1.3.1] AndroidManifest.xml:35:13-76
208            android:directBootAware="false"
208-->[androidx.profileinstaller:profileinstaller:1.3.1] AndroidManifest.xml:36:13-44
209            android:enabled="true"
209-->[androidx.profileinstaller:profileinstaller:1.3.1] AndroidManifest.xml:37:13-35
210            android:exported="true"
210-->[androidx.profileinstaller:profileinstaller:1.3.1] AndroidManifest.xml:38:13-36
211            android:permission="android.permission.DUMP" >
211-->[androidx.profileinstaller:profileinstaller:1.3.1] AndroidManifest.xml:39:13-57
212            <intent-filter>
212-->[androidx.profileinstaller:profileinstaller:1.3.1] AndroidManifest.xml:40:13-42:29
213                <action android:name="androidx.profileinstaller.action.INSTALL_PROFILE" />
213-->[androidx.profileinstaller:profileinstaller:1.3.1] AndroidManifest.xml:41:17-91
213-->[androidx.profileinstaller:profileinstaller:1.3.1] AndroidManifest.xml:41:25-88
214            </intent-filter>
215            <intent-filter>
215-->[androidx.profileinstaller:profileinstaller:1.3.1] AndroidManifest.xml:43:13-45:29
216                <action android:name="androidx.profileinstaller.action.SKIP_FILE" />
216-->[androidx.profileinstaller:profileinstaller:1.3.1] AndroidManifest.xml:44:17-85
216-->[androidx.profileinstaller:profileinstaller:1.3.1] AndroidManifest.xml:44:25-82
217            </intent-filter>
218            <intent-filter>
218-->[androidx.profileinstaller:profileinstaller:1.3.1] AndroidManifest.xml:46:13-48:29
219                <action android:name="androidx.profileinstaller.action.SAVE_PROFILE" />
219-->[androidx.profileinstaller:profileinstaller:1.3.1] AndroidManifest.xml:47:17-88
219-->[androidx.profileinstaller:profileinstaller:1.3.1] AndroidManifest.xml:47:25-85
220            </intent-filter>
221            <intent-filter>
221-->[androidx.profileinstaller:profileinstaller:1.3.1] AndroidManifest.xml:49:13-51:29
222                <action android:name="androidx.profileinstaller.action.BENCHMARK_OPERATION" />
222-->[androidx.profileinstaller:profileinstaller:1.3.1] AndroidManifest.xml:50:17-95
222-->[androidx.profileinstaller:profileinstaller:1.3.1] AndroidManifest.xml:50:25-92
223            </intent-filter>
224        </receiver>
225    </application>
226
227</manifest>